# JRE version: OpenJDK Runtime Environment Temurin-21.0.9+10 (21.0.9+10) (build 21.0.9+10-LTS)
# Java VM: OpenJDK 64-Bit Server VM Temurin-21.0.9+10 (21.0.9+10-LTS, mixed mode, sharing, tiered, compressed oops, compressed class ptrs, parallel gc, windows-amd64)
GC Precious Log:
 CardTable entry size: 512
 CPUs: 12 total, 12 available
 Memory: 16106M
 Large Page Support: Disabled
 NUMA Support: Disabled
 Compressed Oops: Enabled (32-bit)
 Alignments: Space 512K, Generation 512K, Heap 2M
 Heap Min Capacity: 100M
 Heap Initial Capacity: 100M
 Heap Max Capacity: 2G
 Pre-touch: Disabled
 Parallel Workers: 10
Heap:
 PSYoungGen      total 12800K, used 7999K [0x00000000d5580000, 0x00000000d7380000, 0x0000000100000000)
  eden space 9216K, 47% used [0x00000000d5580000,0x00000000d59d1580,0x00000000d5e80000)
  from space 3584K, 99% used [0x00000000d5f00000,0x00000000d627ea60,0x00000000d6280000)
  to   space 10752K, 0% used [0x00000000d6900000,0x00000000d6900000,0x00000000d7380000)
 ParOldGen       total 427520K, used 427392K [0x0000000080000000, 0x000000009a180000, 0x00000000d5580000)
  object space 427520K, 99% used [0x0000000080000000,0x000000009a160348,0x000000009a180000)
 Metaspace       used 74966K, committed 76416K, reserved 1179648K
  class space    used 7884K, committed 8576K, reserved 1048576K
GC Heap History (20 events):
Event: 4171.780 GC heap before
{Heap before GC invocations=663 (full 5):
 PSYoungGen      total 6144K, used 6144K [0x00000000d5580000, 0x00000000d6680000, 0x0000000100000000)
  eden space 3072K, 100% used [0x00000000d5580000,0x00000000d5880000,0x00000000d5880000)
  from space 3072K, 100% used [0x00000000d5880000,0x00000000d5b80000,0x00000000d5b80000)
  to   space 6656K, 0% used [0x00000000d6000000,0x00000000d6000000,0x00000000d6680000)
 ParOldGen       total 354304K, used 354187K [0x0000000080000000, 0x0000000095a00000, 0x00000000d5580000)
  object space 354304K, 99% used [0x0000000080000000,0x00000000959e2d58,0x0000000095a00000)
 Metaspace       used 74771K, committed 76288K, reserved 1179648K
  class space    used 7884K, committed 8576K, reserved 1048576K
}
Event: 4171.783 GC heap after
{Heap after GC invocations=663 (full 5):
 PSYoungGen      total 7680K, used 3168K [0x00000000d5580000, 0x00000000d6380000, 0x0000000100000000)
  eden space 4096K, 0% used [0x00000000d5580000,0x00000000d5580000,0x00000000d5980000)
  from space 3584K, 88% used [0x00000000d6000000,0x00000000d6318000,0x00000000d6380000)
  to   space 4096K, 0% used [0x00000000d5b80000,0x00000000d5b80000,0x00000000d5f80000)
 ParOldGen       total 357376K, used 357267K [0x0000000080000000, 0x0000000095d00000, 0x00000000d5580000)
  object space 357376K, 99% used [0x0000000080000000,0x0000000095ce4d58,0x0000000095d00000)
 Metaspace       used 74771K, committed 76288K, reserved 1179648K
  class space    used 7884K, committed 8576K, reserved 1048576K
}
Event: 4171.788 GC heap before
{Heap before GC invocations=664 (full 5):
 PSYoungGen      total 7680K, used 7264K [0x00000000d5580000, 0x00000000d6380000, 0x0000000100000000)
  eden space 4096K, 100% used [0x00000000d5580000,0x00000000d5980000,0x00000000d5980000)
  from space 3584K, 88% used [0x00000000d6000000,0x00000000d6318000,0x00000000d6380000)
  to   space 4096K, 0% used [0x00000000d5b80000,0x00000000d5b80000,0x00000000d5f80000)
 ParOldGen       total 357376K, used 357267K [0x0000000080000000, 0x0000000095d00000, 0x00000000d5580000)
  object space 357376K, 99% used [0x0000000080000000,0x0000000095ce4d58,0x0000000095d00000)
 Metaspace       used 74771K, committed 76288K, reserved 1179648K
  class space    used 7884K, committed 8576K, reserved 1048576K
}
Event: 4171.790 GC heap after
{Heap after GC invocations=664 (full 5):
 PSYoungGen      total 9216K, used 4096K [0x00000000d5580000, 0x00000000d6a80000, 0x0000000100000000)
  eden space 5120K, 0% used [0x00000000d5580000,0x00000000d5580000,0x00000000d5a80000)
  from space 4096K, 100% used [0x00000000d5b80000,0x00000000d5f80000,0x00000000d5f80000)
  to   space 8192K, 0% used [0x00000000d6280000,0x00000000d6280000,0x00000000d6a80000)
 ParOldGen       total 360448K, used 360419K [0x0000000080000000, 0x0000000096000000, 0x00000000d5580000)
  object space 360448K, 99% used [0x0000000080000000,0x0000000095ff8d58,0x0000000096000000)
 Metaspace       used 74771K, committed 76288K, reserved 1179648K
  class space    used 7884K, committed 8576K, reserved 1048576K
}
Event: 4171.805 GC heap before
{Heap before GC invocations=665 (full 5):
 PSYoungGen      total 9216K, used 8774K [0x00000000d5580000, 0x00000000d6a80000, 0x0000000100000000)
  eden space 5120K, 91% used [0x00000000d5580000,0x00000000d5a11a08,0x00000000d5a80000)
  from space 4096K, 100% used [0x00000000d5b80000,0x00000000d5f80000,0x00000000d5f80000)
  to   space 8192K, 0% used [0x00000000d6280000,0x00000000d6280000,0x00000000d6a80000)
 ParOldGen       total 360448K, used 360419K [0x0000000080000000, 0x0000000096000000, 0x00000000d5580000)
  object space 360448K, 99% used [0x0000000080000000,0x0000000095ff8d58,0x0000000096000000)
 Metaspace       used 74771K, committed 76288K, reserved 1179648K
  class space    used 7884K, committed 8576K, reserved 1048576K
}
Event: 4171.808 GC heap after
{Heap after GC invocations=665 (full 5):
 PSYoungGen      total 10240K, used 4040K [0x00000000d5580000, 0x00000000d6680000, 0x0000000100000000)
  eden space 6144K, 0% used [0x00000000d5580000,0x00000000d5580000,0x00000000d5b80000)
  from space 4096K, 98% used [0x00000000d6280000,0x00000000d6672000,0x00000000d6680000)
  to   space 5632K, 0% used [0x00000000d5b80000,0x00000000d5b80000,0x00000000d6100000)
 ParOldGen       total 364544K, used 364515K [0x0000000080000000, 0x0000000096400000, 0x00000000d5580000)
  object space 364544K, 99% used [0x0000000080000000,0x00000000963f8d58,0x0000000096400000)
 Metaspace       used 74771K, committed 76288K, reserved 1179648K
  class space    used 7884K, committed 8576K, reserved 1048576K
}
Event: 4171.855 GC heap before
{Heap before GC invocations=666 (full 5):
 PSYoungGen      total 10240K, used 10184K [0x00000000d5580000, 0x00000000d6680000, 0x0000000100000000)
  eden space 6144K, 100% used [0x00000000d5580000,0x00000000d5b80000,0x00000000d5b80000)
  from space 4096K, 98% used [0x00000000d6280000,0x00000000d6672000,0x00000000d6680000)
  to   space 5632K, 0% used [0x00000000d5b80000,0x00000000d5b80000,0x00000000d6100000)
 ParOldGen       total 364544K, used 364515K [0x0000000080000000, 0x0000000096400000, 0x00000000d5580000)
  object space 364544K, 99% used [0x0000000080000000,0x00000000963f8d58,0x0000000096400000)
 Metaspace       used 74771K, committed 76288K, reserved 1179648K
  class space    used 7884K, committed 8576K, reserved 1048576K
}
Event: 4171.859 GC heap after
{Heap after GC invocations=666 (full 5):
 PSYoungGen      total 11776K, used 5602K [0x00000000d5580000, 0x00000000d7100000, 0x0000000100000000)
  eden space 6144K, 0% used [0x00000000d5580000,0x00000000d5580000,0x00000000d5b80000)
  from space 5632K, 99% used [0x00000000d5b80000,0x00000000d60f8ab0,0x00000000d6100000)
  to   space 10240K, 0% used [0x00000000d6700000,0x00000000d6700000,0x00000000d7100000)
 ParOldGen       total 368640K, used 368183K [0x0000000080000000, 0x0000000096800000, 0x00000000d5580000)
  object space 368640K, 99% used [0x0000000080000000,0x000000009678dd58,0x0000000096800000)
 Metaspace       used 74771K, committed 76288K, reserved 1179648K
  class space    used 7884K, committed 8576K, reserved 1048576K
}
Event: 4171.869 GC heap before
{Heap before GC invocations=667 (full 5):
 PSYoungGen      total 11776K, used 11737K [0x00000000d5580000, 0x00000000d7100000, 0x0000000100000000)
  eden space 6144K, 99% used [0x00000000d5580000,0x00000000d5b7dc80,0x00000000d5b80000)
  from space 5632K, 99% used [0x00000000d5b80000,0x00000000d60f8ab0,0x00000000d6100000)
  to   space 10240K, 0% used [0x00000000d6700000,0x00000000d6700000,0x00000000d7100000)
 ParOldGen       total 368640K, used 368183K [0x0000000080000000, 0x0000000096800000, 0x00000000d5580000)
  object space 368640K, 99% used [0x0000000080000000,0x000000009678dd58,0x0000000096800000)
 Metaspace       used 74771K, committed 76288K, reserved 1179648K
  class space    used 7884K, committed 8576K, reserved 1048576K
}
Event: 4171.873 GC heap after
{Heap after GC invocations=667 (full 5):
 PSYoungGen      total 13824K, used 5808K [0x00000000d5580000, 0x00000000d6d00000, 0x0000000100000000)
  eden space 7680K, 0% used [0x00000000d5580000,0x00000000d5580000,0x00000000d5d00000)
  from space 6144K, 94% used [0x00000000d6700000,0x00000000d6cac000,0x00000000d6d00000)
  to   space 7168K, 0% used [0x00000000d5f00000,0x00000000d5f00000,0x00000000d6600000)
 ParOldGen       total 374784K, used 374632K [0x0000000080000000, 0x0000000096e00000, 0x00000000d5580000)
  object space 374784K, 99% used [0x0000000080000000,0x0000000096dda2b8,0x0000000096e00000)
 Metaspace       used 74771K, committed 76288K, reserved 1179648K
  class space    used 7884K, committed 8576K, reserved 1048576K
}
Event: 4171.895 GC heap before
{Heap before GC invocations=668 (full 5):
 PSYoungGen      total 13824K, used 13488K [0x00000000d5580000, 0x00000000d6d00000, 0x0000000100000000)
  eden space 7680K, 100% used [0x00000000d5580000,0x00000000d5d00000,0x00000000d5d00000)
  from space 6144K, 94% used [0x00000000d6700000,0x00000000d6cac000,0x00000000d6d00000)
  to   space 7168K, 0% used [0x00000000d5f00000,0x00000000d5f00000,0x00000000d6600000)
 ParOldGen       total 374784K, used 374632K [0x0000000080000000, 0x0000000096e00000, 0x00000000d5580000)
  object space 374784K, 99% used [0x0000000080000000,0x0000000096dda2b8,0x0000000096e00000)
 Metaspace       used 74772K, committed 76288K, reserved 1179648K
  class space    used 7884K, committed 8576K, reserved 1048576K
}
Event: 4171.899 GC heap after
{Heap after GC invocations=668 (full 5):
 PSYoungGen      total 14848K, used 5219K [0x00000000d5580000, 0x00000000d6a80000, 0x0000000100000000)
  eden space 9216K, 0% used [0x00000000d5580000,0x00000000d5580000,0x00000000d5e80000)
  from space 5632K, 92% used [0x00000000d5f00000,0x00000000d6418cc8,0x00000000d6480000)
  to   space 6144K, 0% used [0x00000000d6480000,0x00000000d6480000,0x00000000d6a80000)
 ParOldGen       total 380416K, used 380032K [0x0000000080000000, 0x0000000097380000, 0x00000000d5580000)
  object space 380416K, 99% used [0x0000000080000000,0x00000000973202b8,0x0000000097380000)
 Metaspace       used 74772K, committed 76288K, reserved 1179648K
  class space    used 7884K, committed 8576K, reserved 1048576K
}
Event: 4171.924 GC heap before
{Heap before GC invocations=669 (full 5):
 PSYoungGen      total 14848K, used 14281K [0x00000000d5580000, 0x00000000d6a80000, 0x0000000100000000)
  eden space 9216K, 98% used [0x00000000d5580000,0x00000000d5e597c0,0x00000000d5e80000)
  from space 5632K, 92% used [0x00000000d5f00000,0x00000000d6418cc8,0x00000000d6480000)
  to   space 6144K, 0% used [0x00000000d6480000,0x00000000d6480000,0x00000000d6a80000)
 ParOldGen       total 380416K, used 380032K [0x0000000080000000, 0x0000000097380000, 0x00000000d5580000)
  object space 380416K, 99% used [0x0000000080000000,0x00000000973202b8,0x0000000097380000)
 Metaspace       used 74842K, committed 76352K, reserved 1179648K
  class space    used 7884K, committed 8576K, reserved 1048576K
}
Event: 4171.927 GC heap after
{Heap after GC invocations=669 (full 5):
 PSYoungGen      total 13824K, used 4262K [0x00000000d5580000, 0x00000000d6900000, 0x0000000100000000)
  eden space 9216K, 0% used [0x00000000d5580000,0x00000000d5580000,0x00000000d5e80000)
  from space 4608K, 92% used [0x00000000d6480000,0x00000000d68a9830,0x00000000d6900000)
  to   space 5120K, 0% used [0x00000000d5f00000,0x00000000d5f00000,0x00000000d6400000)
 ParOldGen       total 385536K, used 385135K [0x0000000080000000, 0x0000000097880000, 0x00000000d5580000)
  object space 385536K, 99% used [0x0000000080000000,0x000000009781be78,0x0000000097880000)
 Metaspace       used 74842K, committed 76352K, reserved 1179648K
  class space    used 7884K, committed 8576K, reserved 1048576K
}
Event: 4171.968 GC heap before
{Heap before GC invocations=670 (full 5):
 PSYoungGen      total 13824K, used 13478K [0x00000000d5580000, 0x00000000d6900000, 0x0000000100000000)
  eden space 9216K, 100% used [0x00000000d5580000,0x00000000d5e80000,0x00000000d5e80000)
  from space 4608K, 92% used [0x00000000d6480000,0x00000000d68a9830,0x00000000d6900000)
  to   space 5120K, 0% used [0x00000000d5f00000,0x00000000d5f00000,0x00000000d6400000)
 ParOldGen       total 405504K, used 404335K [0x0000000080000000, 0x0000000098c00000, 0x00000000d5580000)
  object space 405504K, 99% used [0x0000000080000000,0x0000000098adbe98,0x0000000098c00000)
 Metaspace       used 74863K, committed 76416K, reserved 1179648K
  class space    used 7884K, committed 8576K, reserved 1048576K
}
Event: 4171.970 GC heap after
{Heap after GC invocations=670 (full 5):
 PSYoungGen      total 13312K, used 4043K [0x00000000d5580000, 0x00000000d6780000, 0x0000000100000000)
  eden space 9216K, 0% used [0x00000000d5580000,0x00000000d5580000,0x00000000d5e80000)
  from space 4096K, 98% used [0x00000000d5f00000,0x00000000d62f2d08,0x00000000d6300000)
  to   space 4608K, 0% used [0x00000000d6300000,0x00000000d6300000,0x00000000d6780000)
 ParOldGen       total 408576K, used 408247K [0x0000000080000000, 0x0000000098f00000, 0x00000000d5580000)
  object space 408576K, 99% used [0x0000000080000000,0x0000000098eadf30,0x0000000098f00000)
 Metaspace       used 74863K, committed 76416K, reserved 1179648K
  class space    used 7884K, committed 8576K, reserved 1048576K
}
Event: 4172.493 GC heap before
{Heap before GC invocations=671 (full 5):
 PSYoungGen      total 13312K, used 13259K [0x00000000d5580000, 0x00000000d6780000, 0x0000000100000000)
  eden space 9216K, 100% used [0x00000000d5580000,0x00000000d5e80000,0x00000000d5e80000)
  from space 4096K, 98% used [0x00000000d5f00000,0x00000000d62f2d08,0x00000000d6300000)
  to   space 4608K, 0% used [0x00000000d6300000,0x00000000d6300000,0x00000000d6780000)
 ParOldGen       total 420352K, used 419767K [0x0000000080000000, 0x0000000099a80000, 0x00000000d5580000)
  object space 420352K, 99% used [0x0000000080000000,0x00000000999edf40,0x0000000099a80000)
 Metaspace       used 74950K, committed 76416K, reserved 1179648K
  class space    used 7884K, committed 8576K, reserved 1048576K
}
Event: 4172.495 GC heap after
{Heap after GC invocations=671 (full 5):
 PSYoungGen      total 12288K, used 2655K [0x00000000d5580000, 0x00000000d6600000, 0x0000000100000000)
  eden space 9216K, 0% used [0x00000000d5580000,0x00000000d5580000,0x00000000d5e80000)
  from space 3072K, 86% used [0x00000000d6300000,0x00000000d6597c80,0x00000000d6600000)
  to   space 3584K, 0% used [0x00000000d5f00000,0x00000000d5f00000,0x00000000d6280000)
 ParOldGen       total 421888K, used 421588K [0x0000000080000000, 0x0000000099c00000, 0x00000000d5580000)
  object space 421888K, 99% used [0x0000000080000000,0x0000000099bb51e0,0x0000000099c00000)
 Metaspace       used 74950K, committed 76416K, reserved 1179648K
  class space    used 7884K, committed 8576K, reserved 1048576K
}
Event: 4172.519 GC heap before
{Heap before GC invocations=672 (full 5):
 PSYoungGen      total 12288K, used 11871K [0x00000000d5580000, 0x00000000d6600000, 0x0000000100000000)
  eden space 9216K, 100% used [0x00000000d5580000,0x00000000d5e80000,0x00000000d5e80000)
  from space 3072K, 86% used [0x00000000d6300000,0x00000000d6597c80,0x00000000d6600000)
  to   space 3584K, 0% used [0x00000000d5f00000,0x00000000d5f00000,0x00000000d6280000)
 ParOldGen       total 421888K, used 421588K [0x0000000080000000, 0x0000000099c00000, 0x00000000d5580000)
  object space 421888K, 99% used [0x0000000080000000,0x0000000099bb51e0,0x0000000099c00000)
 Metaspace       used 74952K, committed 76416K, reserved 1179648K
  class space    used 7884K, committed 8576K, reserved 1048576K
}
Event: 4172.522 GC heap after
{Heap after GC invocations=672 (full 5):
 PSYoungGen      total 12800K, used 3578K [0x00000000d5580000, 0x00000000d7380000, 0x0000000100000000)
  eden space 9216K, 0% used [0x00000000d5580000,0x00000000d5580000,0x00000000d5e80000)
  from space 3584K, 99% used [0x00000000d5f00000,0x00000000d627ea60,0x00000000d6280000)
  to   space 10752K, 0% used [0x00000000d6900000,0x00000000d6900000,0x00000000d7380000)
 ParOldGen       total 427520K, used 427392K [0x0000000080000000, 0x000000009a180000, 0x00000000d5580000)
  object space 427520K, 99% used [0x0000000080000000,0x000000009a160348,0x000000009a180000)
 Metaspace       used 74952K, committed 76416K, reserved 1179648K
  class space    used 7884K, committed 8576K, reserved 1048576K
}

